::1 - - [Fri, 02 Jun 2017 03:43:42 GMT] "OPTIONS /api/authenticate HTTP/1.1" 204 - "http://localhost:8080/" "Mozilla/5.0 (Linux; Android 6.0; Nexus 5 Build/MRA58N) AppleWebKit/537.36 (KHTML, like Gecko) Chrome/58.0.3029.110 Mobile Safari/537.36"
::1 - - [Fri, 02 Jun 2017 03:43:42 GMT] "POST /api/authenticate HTTP/1.1" 200 519 "http://localhost:8080/" "Mozilla/5.0 (Linux; Android 6.0; Nexus 5 Build/MRA58N) AppleWebKit/537.36 (KHTML, like Gecko) Chrome/58.0.3029.110 Mobile Safari/537.36"
::1 - - [Fri, 02 Jun 2017 03:43:42 GMT] "GET /api/chatsystem/messages?token=eyJhbGciOiJIUzI1NiIsInR5cCI6IkpXVCJ9.eyJfYnNvbnR5cGUiOiJPYmplY3RJRCIsImlkIjp7InR5cGUiOiJCdWZmZXIiLCJkYXRhIjpbODgsMjQ5LDcyLDIwNCwxMTQsMjQyLDE2NCw2NywxMiwyMSw0NiwxOV19LCJpYXQiOjE0OTYzNzUwMjIsImV4cCI6MTQ5NjM3NTYyMn0.bAdLFBk2uyR59oTY6oHHFVZPgJZWqjELgM4EL1wmj70 HTTP/1.1" 200 220 "http://localhost:8080/play" "Mozilla/5.0 (Linux; Android 6.0; Nexus 5 Build/MRA58N) AppleWebKit/537.36 (KHTML, like Gecko) Chrome/58.0.3029.110 Mobile Safari/537.36"
::1 - - [Fri, 02 Jun 2017 03:44:05 GMT] "OPTIONS /api/authenticate HTTP/1.1" 204 - "http://localhost:8080/" "Mozilla/5.0 (Linux; Android 6.0; Nexus 5 Build/MRA58N) AppleWebKit/537.36 (KHTML, like Gecko) Chrome/58.0.3029.110 Mobile Safari/537.36"
::1 - - [Fri, 02 Jun 2017 03:44:05 GMT] "POST /api/authenticate HTTP/1.1" 200 519 "http://localhost:8080/" "Mozilla/5.0 (Linux; Android 6.0; Nexus 5 Build/MRA58N) AppleWebKit/537.36 (KHTML, like Gecko) Chrome/58.0.3029.110 Mobile Safari/537.36"
::1 - - [Fri, 02 Jun 2017 03:44:05 GMT] "GET /api/chatsystem/messages?token=eyJhbGciOiJIUzI1NiIsInR5cCI6IkpXVCJ9.eyJfYnNvbnR5cGUiOiJPYmplY3RJRCIsImlkIjp7InR5cGUiOiJCdWZmZXIiLCJkYXRhIjpbODgsMjQ5LDcyLDIwNCwxMTQsMjQyLDE2NCw2NywxMiwyMSw0NiwxOV19LCJpYXQiOjE0OTYzNzUwNDUsImV4cCI6MTQ5NjM3NTY0NX0.NaM_wDAHw3rWdoLFOWQuBBAUPusTJTrm8aMgoyRhSqE HTTP/1.1" 200 220 "http://localhost:8080/play" "Mozilla/5.0 (Linux; Android 6.0; Nexus 5 Build/MRA58N) AppleWebKit/537.36 (KHTML, like Gecko) Chrome/58.0.3029.110 Mobile Safari/537.36"
::1 - - [Fri, 02 Jun 2017 03:45:13 GMT] "OPTIONS /api/account/create HTTP/1.1" 204 - "http://localhost:8080/account" "Mozilla/5.0 (Linux; Android 6.0; Nexus 5 Build/MRA58N) AppleWebKit/537.36 (KHTML, like Gecko) Chrome/58.0.3029.110 Mobile Safari/537.36"
::1 - - [Fri, 02 Jun 2017 03:45:13 GMT] "POST /api/account/create HTTP/1.1" 200 30 "http://localhost:8080/account" "Mozilla/5.0 (Linux; Android 6.0; Nexus 5 Build/MRA58N) AppleWebKit/537.36 (KHTML, like Gecko) Chrome/58.0.3029.110 Mobile Safari/537.36"
::1 - - [Fri, 02 Jun 2017 03:47:22 GMT] "OPTIONS /api/account/create HTTP/1.1" 204 - "http://localhost:8080/account" "Mozilla/5.0 (Linux; Android 6.0; Nexus 5 Build/MRA58N) AppleWebKit/537.36 (KHTML, like Gecko) Chrome/58.0.3029.110 Mobile Safari/537.36"
::1 - - [Fri, 02 Jun 2017 03:47:22 GMT] "POST /api/account/create HTTP/1.1" 200 264 "http://localhost:8080/account" "Mozilla/5.0 (Linux; Android 6.0; Nexus 5 Build/MRA58N) AppleWebKit/537.36 (KHTML, like Gecko) Chrome/58.0.3029.110 Mobile Safari/537.36"
::1 - - [Fri, 02 Jun 2017 03:48:00 GMT] "OPTIONS /api/authenticate HTTP/1.1" 204 - "http://localhost:8080/" "Mozilla/5.0 (Linux; Android 6.0; Nexus 5 Build/MRA58N) AppleWebKit/537.36 (KHTML, like Gecko) Chrome/58.0.3029.110 Mobile Safari/537.36"
::1 - - [Fri, 02 Jun 2017 03:48:00 GMT] "POST /api/authenticate HTTP/1.1" 200 527 "http://localhost:8080/" "Mozilla/5.0 (Linux; Android 6.0; Nexus 5 Build/MRA58N) AppleWebKit/537.36 (KHTML, like Gecko) Chrome/58.0.3029.110 Mobile Safari/537.36"
::1 - - [Fri, 02 Jun 2017 03:48:00 GMT] "GET /api/chatsystem/messages?token=eyJhbGciOiJIUzI1NiIsInR5cCI6IkpXVCJ9.eyJfYnNvbnR5cGUiOiJPYmplY3RJRCIsImlkIjp7InR5cGUiOiJCdWZmZXIiLCJkYXRhIjpbODksNDgsMjIzLDIwMiwxOTcsMTE0LDk1LDQ4LDQsMTM0LDE2MiwxNTldfSwiaWF0IjoxNDk2Mzc1MjgwLCJleHAiOjE0OTYzNzU4ODB9.l9Rd6LV9lE8K3Mq_j2pIihLrIU7HI_STnaoCy5cwxjY HTTP/1.1" 200 220 "http://localhost:8080/play" "Mozilla/5.0 (Linux; Android 6.0; Nexus 5 Build/MRA58N) AppleWebKit/537.36 (KHTML, like Gecko) Chrome/58.0.3029.110 Mobile Safari/537.36"
[0mOPTIONS /api/account/create [32m204 [0m2.135 ms - -[0m
[0mPOST /api/account/create [32m200 [0m329.961 ms - 321[0m
[0mOPTIONS /api/authenticate [32m204 [0m1.595 ms - -[0m
[0mPOST /api/authenticate [32m200 [0m17.182 ms - 71[0m
[0mOPTIONS /api/authenticate [32m204 [0m1.648 ms - -[0m
[0mOPTIONS /api/authenticate [32m204 [0m1.743 ms - -[0m
[0mPOST /api/authenticate [32m200 [0m92.013 ms - 576[0m
[0mGET /api/chatsystem/messages?token=eyJhbGciOiJIUzI1NiIsInR5cCI6IkpXVCJ9.eyJfYnNvbnR5cGUiOiJPYmplY3RJRCIsImlkIjp7InR5cGUiOiJCdWZmZXIiLCJkYXRhIjpbODksNTEsMjcsNywzNCw0MiwxNDksNTcsMTA0LDYxLDg3LDJdfSwiaWF0IjoxNDk2NTIyMzc1LCJleHAiOjE0OTY1MjI5NzV9.cYmNfsrFwISivcOfMquR-RNGCaDiJrNvtvrQdokpmaE [32m200 [0m5.115 ms - 220[0m
[0mOPTIONS /api/authenticate [32m204 [0m1.830 ms - -[0m
[0mPOST /api/authenticate [32m200 [0m91.427 ms - 576[0m
[0mGET /api/chatsystem/messages?token=eyJhbGciOiJIUzI1NiIsInR5cCI6IkpXVCJ9.eyJfYnNvbnR5cGUiOiJPYmplY3RJRCIsImlkIjp7InR5cGUiOiJCdWZmZXIiLCJkYXRhIjpbODksNTEsMjcsNywzNCw0MiwxNDksNTcsMTA0LDYxLDg3LDJdfSwiaWF0IjoxNDk2NTIyNDI3LCJleHAiOjE0OTY1MjMwMjd9.Heg0pheuFlJW_JBs0WzlutByLGhCZKcKRi375LoSba4 [32m200 [0m6.800 ms - 220[0m
[0mGET /api/chatsystem/messages?token=eyJhbGciOiJIUzI1NiIsInR5cCI6IkpXVCJ9.eyJfYnNvbnR5cGUiOiJPYmplY3RJRCIsImlkIjp7InR5cGUiOiJCdWZmZXIiLCJkYXRhIjpbODksNTEsMjcsNywzNCw0MiwxNDksNTcsMTA0LDYxLDg3LDJdfSwiaWF0IjoxNDk2NTIyNDI3LCJleHAiOjE0OTY1MjMwMjd9.Heg0pheuFlJW_JBs0WzlutByLGhCZKcKRi375LoSba4 [36m304 [0m2.291 ms - -[0m
[0mGET /api/chatsystem/messages?token=eyJhbGciOiJIUzI1NiIsInR5cCI6IkpXVCJ9.eyJfYnNvbnR5cGUiOiJPYmplY3RJRCIsImlkIjp7InR5cGUiOiJCdWZmZXIiLCJkYXRhIjpbODksNTEsMjcsNywzNCw0MiwxNDksNTcsMTA0LDYxLDg3LDJdfSwiaWF0IjoxNDk2NTIyNDI3LCJleHAiOjE0OTY1MjMwMjd9.Heg0pheuFlJW_JBs0WzlutByLGhCZKcKRi375LoSba4 [36m304 [0m1.868 ms - -[0m
[0mOPTIONS /api/authenticate [32m204 [0m0.137 ms - -[0m
[0mPOST /api/authenticate [32m200 [0m67.704 ms - 71[0m
[0mOPTIONS /api/authenticate [32m204 [0m0.085 ms - -[0m
[0mPOST /api/authenticate [32m200 [0m1.702 ms - 71[0m
[0mOPTIONS /api/authenticate [32m204 [0m1.664 ms - -[0m
[0mPOST /api/authenticate [32m200 [0m93.201 ms - 576[0m
[0mGET /api/chatsystem/messages?token=eyJhbGciOiJIUzI1NiIsInR5cCI6IkpXVCJ9.eyJfYnNvbnR5cGUiOiJPYmplY3RJRCIsImlkIjp7InR5cGUiOiJCdWZmZXIiLCJkYXRhIjpbODksNTEsMjcsNywzNCw0MiwxNDksNTcsMTA0LDYxLDg3LDJdfSwiaWF0IjoxNDk2NTIyNTUyLCJleHAiOjE0OTY1MjMxNTJ9.3mpiR8iMctnRPIJRofStB7LsB5na90sfrSuI7HgOMDw [32m200 [0m5.648 ms - 220[0m
[0mGET /api/chatsystem/messages?token=eyJhbGciOiJIUzI1NiIsInR5cCI6IkpXVCJ9.eyJfYnNvbnR5cGUiOiJPYmplY3RJRCIsImlkIjp7InR5cGUiOiJCdWZmZXIiLCJkYXRhIjpbODksNTEsMjcsNywzNCw0MiwxNDksNTcsMTA0LDYxLDg3LDJdfSwiaWF0IjoxNDk2NTIyNTUyLCJleHAiOjE0OTY1MjMxNTJ9.3mpiR8iMctnRPIJRofStB7LsB5na90sfrSuI7HgOMDw [36m304 [0m17.955 ms - -[0m
[0mGET /api/chatsystem/messages?token=eyJhbGciOiJIUzI1NiIsInR5cCI6IkpXVCJ9.eyJfYnNvbnR5cGUiOiJPYmplY3RJRCIsImlkIjp7InR5cGUiOiJCdWZmZXIiLCJkYXRhIjpbODksNTEsMjcsNywzNCw0MiwxNDksNTcsMTA0LDYxLDg3LDJdfSwiaWF0IjoxNDk2NTIyNTUyLCJleHAiOjE0OTY1MjMxNTJ9.3mpiR8iMctnRPIJRofStB7LsB5na90sfrSuI7HgOMDw [36m304 [0m2.235 ms - -[0m
[0mGET /api/chatsystem/messages?token=eyJhbGciOiJIUzI1NiIsInR5cCI6IkpXVCJ9.eyJfYnNvbnR5cGUiOiJPYmplY3RJRCIsImlkIjp7InR5cGUiOiJCdWZmZXIiLCJkYXRhIjpbODksNTEsMjcsNywzNCw0MiwxNDksNTcsMTA0LDYxLDg3LDJdfSwiaWF0IjoxNDk2NTIyNTUyLCJleHAiOjE0OTY1MjMxNTJ9.3mpiR8iMctnRPIJRofStB7LsB5na90sfrSuI7HgOMDw [36m304 [0m1.577 ms - -[0m
[0mGET /api/chatsystem/messages?token=eyJhbGciOiJIUzI1NiIsInR5cCI6IkpXVCJ9.eyJfYnNvbnR5cGUiOiJPYmplY3RJRCIsImlkIjp7InR5cGUiOiJCdWZmZXIiLCJkYXRhIjpbODksNTEsMjcsNywzNCw0MiwxNDksNTcsMTA0LDYxLDg3LDJdfSwiaWF0IjoxNDk2NTIyNTUyLCJleHAiOjE0OTY1MjMxNTJ9.3mpiR8iMctnRPIJRofStB7LsB5na90sfrSuI7HgOMDw [36m304 [0m1.611 ms - -[0m
[0mGET /api/chatsystem/messages?token=eyJhbGciOiJIUzI1NiIsInR5cCI6IkpXVCJ9.eyJfYnNvbnR5cGUiOiJPYmplY3RJRCIsImlkIjp7InR5cGUiOiJCdWZmZXIiLCJkYXRhIjpbODksNTEsMjcsNywzNCw0MiwxNDksNTcsMTA0LDYxLDg3LDJdfSwiaWF0IjoxNDk2NTIyNTUyLCJleHAiOjE0OTY1MjMxNTJ9.3mpiR8iMctnRPIJRofStB7LsB5na90sfrSuI7HgOMDw [36m304 [0m1.363 ms - -[0m
[0mGET /api/chatsystem/messages?token=eyJhbGciOiJIUzI1NiIsInR5cCI6IkpXVCJ9.eyJfYnNvbnR5cGUiOiJPYmplY3RJRCIsImlkIjp7InR5cGUiOiJCdWZmZXIiLCJkYXRhIjpbODksNTEsMjcsNywzNCw0MiwxNDksNTcsMTA0LDYxLDg3LDJdfSwiaWF0IjoxNDk2NTIyNTUyLCJleHAiOjE0OTY1MjMxNTJ9.3mpiR8iMctnRPIJRofStB7LsB5na90sfrSuI7HgOMDw [36m304 [0m1.362 ms - -[0m
[0mGET /api/chatsystem/messages?token=eyJhbGciOiJIUzI1NiIsInR5cCI6IkpXVCJ9.eyJfYnNvbnR5cGUiOiJPYmplY3RJRCIsImlkIjp7InR5cGUiOiJCdWZmZXIiLCJkYXRhIjpbODksNTEsMjcsNywzNCw0MiwxNDksNTcsMTA0LDYxLDg3LDJdfSwiaWF0IjoxNDk2NTIyNTUyLCJleHAiOjE0OTY1MjMxNTJ9.3mpiR8iMctnRPIJRofStB7LsB5na90sfrSuI7HgOMDw [36m304 [0m1.074 ms - -[0m
[0mGET /api/chatsystem/messages?token=eyJhbGciOiJIUzI1NiIsInR5cCI6IkpXVCJ9.eyJfYnNvbnR5cGUiOiJPYmplY3RJRCIsImlkIjp7InR5cGUiOiJCdWZmZXIiLCJkYXRhIjpbODksNTEsMjcsNywzNCw0MiwxNDksNTcsMTA0LDYxLDg3LDJdfSwiaWF0IjoxNDk2NTIyNTUyLCJleHAiOjE0OTY1MjMxNTJ9.3mpiR8iMctnRPIJRofStB7LsB5na90sfrSuI7HgOMDw [36m304 [0m0.934 ms - -[0m
[0mGET /api/chatsystem/messages?token=eyJhbGciOiJIUzI1NiIsInR5cCI6IkpXVCJ9.eyJfYnNvbnR5cGUiOiJPYmplY3RJRCIsImlkIjp7InR5cGUiOiJCdWZmZXIiLCJkYXRhIjpbODksNTEsMjcsNywzNCw0MiwxNDksNTcsMTA0LDYxLDg3LDJdfSwiaWF0IjoxNDk2NTIyNTUyLCJleHAiOjE0OTY1MjMxNTJ9.3mpiR8iMctnRPIJRofStB7LsB5na90sfrSuI7HgOMDw [36m304 [0m6.205 ms - -[0m
[0mGET /api/chatsystem/messages?token=eyJhbGciOiJIUzI1NiIsInR5cCI6IkpXVCJ9.eyJfYnNvbnR5cGUiOiJPYmplY3RJRCIsImlkIjp7InR5cGUiOiJCdWZmZXIiLCJkYXRhIjpbODksNTEsMjcsNywzNCw0MiwxNDksNTcsMTA0LDYxLDg3LDJdfSwiaWF0IjoxNDk2NTIyNTUyLCJleHAiOjE0OTY1MjMxNTJ9.3mpiR8iMctnRPIJRofStB7LsB5na90sfrSuI7HgOMDw [36m304 [0m1.810 ms - -[0m
[0mGET /api/chatsystem/messages?token=eyJhbGciOiJIUzI1NiIsInR5cCI6IkpXVCJ9.eyJfYnNvbnR5cGUiOiJPYmplY3RJRCIsImlkIjp7InR5cGUiOiJCdWZmZXIiLCJkYXRhIjpbODksNTEsMjcsNywzNCw0MiwxNDksNTcsMTA0LDYxLDg3LDJdfSwiaWF0IjoxNDk2NTIyNTUyLCJleHAiOjE0OTY1MjMxNTJ9.3mpiR8iMctnRPIJRofStB7LsB5na90sfrSuI7HgOMDw [36m304 [0m3.348 ms - -[0m
[0mGET /api/chatsystem/messages?token=eyJhbGciOiJIUzI1NiIsInR5cCI6IkpXVCJ9.eyJfYnNvbnR5cGUiOiJPYmplY3RJRCIsImlkIjp7InR5cGUiOiJCdWZmZXIiLCJkYXRhIjpbODksNTEsMjcsNywzNCw0MiwxNDksNTcsMTA0LDYxLDg3LDJdfSwiaWF0IjoxNDk2NTIyNTUyLCJleHAiOjE0OTY1MjMxNTJ9.3mpiR8iMctnRPIJRofStB7LsB5na90sfrSuI7HgOMDw [36m304 [0m1.460 ms - -[0m
[0mGET /api/chatsystem/messages?token=eyJhbGciOiJIUzI1NiIsInR5cCI6IkpXVCJ9.eyJfYnNvbnR5cGUiOiJPYmplY3RJRCIsImlkIjp7InR5cGUiOiJCdWZmZXIiLCJkYXRhIjpbODksNTEsMjcsNywzNCw0MiwxNDksNTcsMTA0LDYxLDg3LDJdfSwiaWF0IjoxNDk2NTIyNTUyLCJleHAiOjE0OTY1MjMxNTJ9.3mpiR8iMctnRPIJRofStB7LsB5na90sfrSuI7HgOMDw [36m304 [0m1.803 ms - -[0m
[0mGET /api/chatsystem/messages?token=eyJhbGciOiJIUzI1NiIsInR5cCI6IkpXVCJ9.eyJfYnNvbnR5cGUiOiJPYmplY3RJRCIsImlkIjp7InR5cGUiOiJCdWZmZXIiLCJkYXRhIjpbODksNTEsMjcsNywzNCw0MiwxNDksNTcsMTA0LDYxLDg3LDJdfSwiaWF0IjoxNDk2NTIyNTUyLCJleHAiOjE0OTY1MjMxNTJ9.3mpiR8iMctnRPIJRofStB7LsB5na90sfrSuI7HgOMDw [36m304 [0m1.400 ms - -[0m
[0mGET /api/chatsystem/messages?token=eyJhbGciOiJIUzI1NiIsInR5cCI6IkpXVCJ9.eyJfYnNvbnR5cGUiOiJPYmplY3RJRCIsImlkIjp7InR5cGUiOiJCdWZmZXIiLCJkYXRhIjpbODksNTEsMjcsNywzNCw0MiwxNDksNTcsMTA0LDYxLDg3LDJdfSwiaWF0IjoxNDk2NTIyNTUyLCJleHAiOjE0OTY1MjMxNTJ9.3mpiR8iMctnRPIJRofStB7LsB5na90sfrSuI7HgOMDw [36m304 [0m1.240 ms - -[0m
[0mGET /api/chatsystem/messages?token=eyJhbGciOiJIUzI1NiIsInR5cCI6IkpXVCJ9.eyJfYnNvbnR5cGUiOiJPYmplY3RJRCIsImlkIjp7InR5cGUiOiJCdWZmZXIiLCJkYXRhIjpbODksNTEsMjcsNywzNCw0MiwxNDksNTcsMTA0LDYxLDg3LDJdfSwiaWF0IjoxNDk2NTIyNTUyLCJleHAiOjE0OTY1MjMxNTJ9.3mpiR8iMctnRPIJRofStB7LsB5na90sfrSuI7HgOMDw [36m304 [0m0.880 ms - -[0m
[0mGET /api/chatsystem/messages?token=eyJhbGciOiJIUzI1NiIsInR5cCI6IkpXVCJ9.eyJfYnNvbnR5cGUiOiJPYmplY3RJRCIsImlkIjp7InR5cGUiOiJCdWZmZXIiLCJkYXRhIjpbODksNTEsMjcsNywzNCw0MiwxNDksNTcsMTA0LDYxLDg3LDJdfSwiaWF0IjoxNDk2NTIyNTUyLCJleHAiOjE0OTY1MjMxNTJ9.3mpiR8iMctnRPIJRofStB7LsB5na90sfrSuI7HgOMDw [36m304 [0m2.913 ms - -[0m
[0mGET /api/chatsystem/messages?token=eyJhbGciOiJIUzI1NiIsInR5cCI6IkpXVCJ9.eyJfYnNvbnR5cGUiOiJPYmplY3RJRCIsImlkIjp7InR5cGUiOiJCdWZmZXIiLCJkYXRhIjpbODksNTEsMjcsNywzNCw0MiwxNDksNTcsMTA0LDYxLDg3LDJdfSwiaWF0IjoxNDk2NTIyNTUyLCJleHAiOjE0OTY1MjMxNTJ9.3mpiR8iMctnRPIJRofStB7LsB5na90sfrSuI7HgOMDw [36m304 [0m1.017 ms - -[0m
[0mGET /api/chatsystem/messages?token=eyJhbGciOiJIUzI1NiIsInR5cCI6IkpXVCJ9.eyJfYnNvbnR5cGUiOiJPYmplY3RJRCIsImlkIjp7InR5cGUiOiJCdWZmZXIiLCJkYXRhIjpbODksNTEsMjcsNywzNCw0MiwxNDksNTcsMTA0LDYxLDg3LDJdfSwiaWF0IjoxNDk2NTIyNTUyLCJleHAiOjE0OTY1MjMxNTJ9.3mpiR8iMctnRPIJRofStB7LsB5na90sfrSuI7HgOMDw [36m304 [0m1.507 ms - -[0m
[0mGET /api/chatsystem/messages?token=eyJhbGciOiJIUzI1NiIsInR5cCI6IkpXVCJ9.eyJfYnNvbnR5cGUiOiJPYmplY3RJRCIsImlkIjp7InR5cGUiOiJCdWZmZXIiLCJkYXRhIjpbODksNTEsMjcsNywzNCw0MiwxNDksNTcsMTA0LDYxLDg3LDJdfSwiaWF0IjoxNDk2NTIyNTUyLCJleHAiOjE0OTY1MjMxNTJ9.3mpiR8iMctnRPIJRofStB7LsB5na90sfrSuI7HgOMDw [36m304 [0m0.751 ms - -[0m
[0mGET /api/chatsystem/messages?token=eyJhbGciOiJIUzI1NiIsInR5cCI6IkpXVCJ9.eyJfYnNvbnR5cGUiOiJPYmplY3RJRCIsImlkIjp7InR5cGUiOiJCdWZmZXIiLCJkYXRhIjpbODksNTEsMjcsNywzNCw0MiwxNDksNTcsMTA0LDYxLDg3LDJdfSwiaWF0IjoxNDk2NTIyNTUyLCJleHAiOjE0OTY1MjMxNTJ9.3mpiR8iMctnRPIJRofStB7LsB5na90sfrSuI7HgOMDw [36m304 [0m1.137 ms - -[0m
[0mGET /api/chatsystem/messages?token=eyJhbGciOiJIUzI1NiIsInR5cCI6IkpXVCJ9.eyJfYnNvbnR5cGUiOiJPYmplY3RJRCIsImlkIjp7InR5cGUiOiJCdWZmZXIiLCJkYXRhIjpbODksNTEsMjcsNywzNCw0MiwxNDksNTcsMTA0LDYxLDg3LDJdfSwiaWF0IjoxNDk2NTIyNTUyLCJleHAiOjE0OTY1MjMxNTJ9.3mpiR8iMctnRPIJRofStB7LsB5na90sfrSuI7HgOMDw [36m304 [0m2.284 ms - -[0m
[0mGET /api/chatsystem/messages?token=eyJhbGciOiJIUzI1NiIsInR5cCI6IkpXVCJ9.eyJfYnNvbnR5cGUiOiJPYmplY3RJRCIsImlkIjp7InR5cGUiOiJCdWZmZXIiLCJkYXRhIjpbODksNTEsMjcsNywzNCw0MiwxNDksNTcsMTA0LDYxLDg3LDJdfSwiaWF0IjoxNDk2NTIyNTUyLCJleHAiOjE0OTY1MjMxNTJ9.3mpiR8iMctnRPIJRofStB7LsB5na90sfrSuI7HgOMDw [36m304 [0m0.964 ms - -[0m
[0mGET /api/chatsystem/messages?token=eyJhbGciOiJIUzI1NiIsInR5cCI6IkpXVCJ9.eyJfYnNvbnR5cGUiOiJPYmplY3RJRCIsImlkIjp7InR5cGUiOiJCdWZmZXIiLCJkYXRhIjpbODksNTEsMjcsNywzNCw0MiwxNDksNTcsMTA0LDYxLDg3LDJdfSwiaWF0IjoxNDk2NTIyNTUyLCJleHAiOjE0OTY1MjMxNTJ9.3mpiR8iMctnRPIJRofStB7LsB5na90sfrSuI7HgOMDw [36m304 [0m0.912 ms - -[0m
[0mGET /api/chatsystem/messages?token=eyJhbGciOiJIUzI1NiIsInR5cCI6IkpXVCJ9.eyJfYnNvbnR5cGUiOiJPYmplY3RJRCIsImlkIjp7InR5cGUiOiJCdWZmZXIiLCJkYXRhIjpbODksNTEsMjcsNywzNCw0MiwxNDksNTcsMTA0LDYxLDg3LDJdfSwiaWF0IjoxNDk2NTIyNTUyLCJleHAiOjE0OTY1MjMxNTJ9.3mpiR8iMctnRPIJRofStB7LsB5na90sfrSuI7HgOMDw [36m304 [0m1.246 ms - -[0m
[0mGET /api/chatsystem/messages?token=eyJhbGciOiJIUzI1NiIsInR5cCI6IkpXVCJ9.eyJfYnNvbnR5cGUiOiJPYmplY3RJRCIsImlkIjp7InR5cGUiOiJCdWZmZXIiLCJkYXRhIjpbODksNTEsMjcsNywzNCw0MiwxNDksNTcsMTA0LDYxLDg3LDJdfSwiaWF0IjoxNDk2NTIyNTUyLCJleHAiOjE0OTY1MjMxNTJ9.3mpiR8iMctnRPIJRofStB7LsB5na90sfrSuI7HgOMDw [36m304 [0m1.742 ms - -[0m
[0mGET /api/chatsystem/messages?token=eyJhbGciOiJIUzI1NiIsInR5cCI6IkpXVCJ9.eyJfYnNvbnR5cGUiOiJPYmplY3RJRCIsImlkIjp7InR5cGUiOiJCdWZmZXIiLCJkYXRhIjpbODksNTEsMjcsNywzNCw0MiwxNDksNTcsMTA0LDYxLDg3LDJdfSwiaWF0IjoxNDk2NTIyNTUyLCJleHAiOjE0OTY1MjMxNTJ9.3mpiR8iMctnRPIJRofStB7LsB5na90sfrSuI7HgOMDw [36m304 [0m1.645 ms - -[0m
[0mGET /api/chatsystem/messages?token=eyJhbGciOiJIUzI1NiIsInR5cCI6IkpXVCJ9.eyJfYnNvbnR5cGUiOiJPYmplY3RJRCIsImlkIjp7InR5cGUiOiJCdWZmZXIiLCJkYXRhIjpbODksNTEsMjcsNywzNCw0MiwxNDksNTcsMTA0LDYxLDg3LDJdfSwiaWF0IjoxNDk2NTIyNTUyLCJleHAiOjE0OTY1MjMxNTJ9.3mpiR8iMctnRPIJRofStB7LsB5na90sfrSuI7HgOMDw [36m304 [0m1.390 ms - -[0m
[0mGET /api/chatsystem/messages?token=eyJhbGciOiJIUzI1NiIsInR5cCI6IkpXVCJ9.eyJfYnNvbnR5cGUiOiJPYmplY3RJRCIsImlkIjp7InR5cGUiOiJCdWZmZXIiLCJkYXRhIjpbODksNTEsMjcsNywzNCw0MiwxNDksNTcsMTA0LDYxLDg3LDJdfSwiaWF0IjoxNDk2NTIyNTUyLCJleHAiOjE0OTY1MjMxNTJ9.3mpiR8iMctnRPIJRofStB7LsB5na90sfrSuI7HgOMDw [36m304 [0m1.282 ms - -[0m
[0mGET /api/chatsystem/messages?token=eyJhbGciOiJIUzI1NiIsInR5cCI6IkpXVCJ9.eyJfYnNvbnR5cGUiOiJPYmplY3RJRCIsImlkIjp7InR5cGUiOiJCdWZmZXIiLCJkYXRhIjpbODksNTEsMjcsNywzNCw0MiwxNDksNTcsMTA0LDYxLDg3LDJdfSwiaWF0IjoxNDk2NTIyNTUyLCJleHAiOjE0OTY1MjMxNTJ9.3mpiR8iMctnRPIJRofStB7LsB5na90sfrSuI7HgOMDw [36m304 [0m1.582 ms - -[0m
[0mGET /api/chatsystem/messages?token=eyJhbGciOiJIUzI1NiIsInR5cCI6IkpXVCJ9.eyJfYnNvbnR5cGUiOiJPYmplY3RJRCIsImlkIjp7InR5cGUiOiJCdWZmZXIiLCJkYXRhIjpbODksNTEsMjcsNywzNCw0MiwxNDksNTcsMTA0LDYxLDg3LDJdfSwiaWF0IjoxNDk2NTIyNTUyLCJleHAiOjE0OTY1MjMxNTJ9.3mpiR8iMctnRPIJRofStB7LsB5na90sfrSuI7HgOMDw [36m304 [0m0.882 ms - -[0m
[0mGET /api/chatsystem/messages?token=eyJhbGciOiJIUzI1NiIsInR5cCI6IkpXVCJ9.eyJfYnNvbnR5cGUiOiJPYmplY3RJRCIsImlkIjp7InR5cGUiOiJCdWZmZXIiLCJkYXRhIjpbODksNTEsMjcsNywzNCw0MiwxNDksNTcsMTA0LDYxLDg3LDJdfSwiaWF0IjoxNDk2NTIyNTUyLCJleHAiOjE0OTY1MjMxNTJ9.3mpiR8iMctnRPIJRofStB7LsB5na90sfrSuI7HgOMDw [36m304 [0m1.298 ms - -[0m
[0mGET /api/chatsystem/messages?token=eyJhbGciOiJIUzI1NiIsInR5cCI6IkpXVCJ9.eyJfYnNvbnR5cGUiOiJPYmplY3RJRCIsImlkIjp7InR5cGUiOiJCdWZmZXIiLCJkYXRhIjpbODksNTEsMjcsNywzNCw0MiwxNDksNTcsMTA0LDYxLDg3LDJdfSwiaWF0IjoxNDk2NTIyNTUyLCJleHAiOjE0OTY1MjMxNTJ9.3mpiR8iMctnRPIJRofStB7LsB5na90sfrSuI7HgOMDw [36m304 [0m2.447 ms - -[0m
[0mGET /api/chatsystem/messages?token=null [36m304 [0m0.290 ms - -[0m
[0mPOST /api/messages/tedmuntaro [33m404 [0m9.753 ms - 163[0m
[0mPOST /api/messages/tedmuntaro [33m404 [0m10.457 ms - 163[0m
[0mPOST /api/chatsystem/messages/tedmuntaro [32m200 [0m14.989 ms - 121[0m
[0mGET /api/chatsystem/messages/tedmuntaro/ [32m200 [0m11.721 ms - 123[0m
[0mGET /api/chatsystem/messages/tyler/ [32m200 [0m1.361 ms - 2[0m
[0mGET /api/chatsystem/messages/tedmuntaro/ [32m200 [0m0.993 ms - 123[0m
[0mGET /api/chatsystem/messages/tedmuntro/ [32m200 [0m0.785 ms - 2[0m
[0mGET /api/chatsystem/messages/tedmuntaro/ [32m200 [0m0.871 ms - 123[0m
[0mDELETE /api/chatsystem/messages/tedmuntaro/5933319846d8d02f4885382c [32m200 [0m22.919 ms - 121[0m
[0mGET /api/chatsystem/messages/tedmuntaro/ [32m200 [0m0.863 ms - 2[0m
[0mGET /api/chatsystem/messages/tedmuntro/ [32m200 [0m1.017 ms - 2[0m
[0mPOST /api/chatsystem/messages/tedmuntaro [32m200 [0m11.694 ms - 122[0m
[0mGET /api/chatsystem/messages/tedmuntro/ [32m200 [0m0.741 ms - 2[0m
[0mGET /api/chatsystem/messages/tedmuntro/ [32m200 [0m0.821 ms - 2[0m
[0mGET /api/chatsystem/messages/tedmuntro/ [32m200 [0m1.345 ms - 2[0m
[0mGET /api/chatsystem/messages/tedmuntro/ [32m200 [0m0.711 ms - 2[0m
[0mGET /api/chatsystem/messages/tedmuntro/ [32m200 [0m0.639 ms - 2[0m
[0mGET /api/chatsystem/messages/tedmuntro/ [32m200 [0m0.608 ms - 2[0m
[0mGET /api/chatsystem/messages/tedmuntro/ [32m200 [0m0.677 ms - 2[0m
[0mGET /api/chatsystem/messages/tedmuntaro/ [32m200 [0m1.659 ms - 124[0m
[0mGET /api/chatsystem/messages/tedmuntro/ [32m200 [0m0.710 ms - 2[0m
[0mGET /api/chatsystem/messages/tedmuntro/ [32m200 [0m0.617 ms - 2[0m
[0mGET /api/chatsystem/messages/tedmuntaro/ [32m200 [0m0.929 ms - 124[0m
[0mDELETE /api/chatsystem/messages/tedmuntaro/5933326158ce68397cf00638 [32m200 [0m0.917 ms - 122[0m
[0mGET /api/chatsystem/messages/tedmuntaro/ [32m200 [0m0.772 ms - 2[0m
[0mPOST /api/chatsystem/messages/TestBcrypt2 [32m200 [0m19.179 ms - 129[0m
[0mGET /api/chatsystem/messages/TestBcrypt2 [32m200 [0m7.179 ms - 131[0m
[0mOPTIONS /api/authenticate [32m204 [0m0.794 ms - -[0m
[0mPOST /api/authenticate [32m200 [0m74.420 ms - 576[0m
[0mGET /api/chatsystem/messages/undefined?token=eyJhbGciOiJIUzI1NiIsInR5cCI6IkpXVCJ9.eyJfYnNvbnR5cGUiOiJPYmplY3RJRCIsImlkIjp7InR5cGUiOiJCdWZmZXIiLCJkYXRhIjpbODksNTEsMjcsNywzNCw0MiwxNDksNTcsMTA0LDYxLDg3LDJdfSwiaWF0IjoxNDk2NTI3NjU4LCJleHAiOjE0OTY1MjgyNTh9.TuN2oitFplP0ukSi6GdEALumuk0wZGOjDXApUaqHPRY [32m200 [0m1.512 ms - 2[0m
[0mGET /api/chatsystem/messages/TestBcrypt2?token=eyJhbGciOiJIUzI1NiIsInR5cCI6IkpXVCJ9.eyJfYnNvbnR5cGUiOiJPYmplY3RJRCIsImlkIjp7InR5cGUiOiJCdWZmZXIiLCJkYXRhIjpbODksNTEsMjcsNywzNCw0MiwxNDksNTcsMTA0LDYxLDg3LDJdfSwiaWF0IjoxNDk2NTI3NjU4LCJleHAiOjE0OTY1MjgyNTh9.TuN2oitFplP0ukSi6GdEALumuk0wZGOjDXApUaqHPRY [32m200 [0m10.731 ms - 131[0m
[0mOPTIONS /api/chatsystem/messages/5933330f4ecb2a2428d75089/undefined?token=eyJhbGciOiJIUzI1NiIsInR5cCI6IkpXVCJ9.eyJfYnNvbnR5cGUiOiJPYmplY3RJRCIsImlkIjp7InR5cGUiOiJCdWZmZXIiLCJkYXRhIjpbODksNTEsMjcsNywzNCw0MiwxNDksNTcsMTA0LDYxLDg3LDJdfSwiaWF0IjoxNDk2NTI3NjU4LCJleHAiOjE0OTY1MjgyNTh9.TuN2oitFplP0ukSi6GdEALumuk0wZGOjDXApUaqHPRY [32m204 [0m0.309 ms - -[0m
[0mDELETE /api/chatsystem/messages/5933330f4ecb2a2428d75089/undefined?token=eyJhbGciOiJIUzI1NiIsInR5cCI6IkpXVCJ9.eyJfYnNvbnR5cGUiOiJPYmplY3RJRCIsImlkIjp7InR5cGUiOiJCdWZmZXIiLCJkYXRhIjpbODksNTEsMjcsNywzNCw0MiwxNDksNTcsMTA0LDYxLDg3LDJdfSwiaWF0IjoxNDk2NTI3NjU4LCJleHAiOjE0OTY1MjgyNTh9.TuN2oitFplP0ukSi6GdEALumuk0wZGOjDXApUaqHPRY [33m422 [0m3.259 ms - 145[0m
